[2024-07-31 21:09:56] [ INFO ] [App:14] instancia creada
[2024-07-31 21:09:56] [ INFO ] [App:19] elemento agregado
[2024-07-31 21:09:56] [ INFO ] [App:19] elemento agregado
[2024-07-31 21:09:56] [ INFO ] [App:19] elemento agregado
[2024-07-31 21:09:56] [ INFO ] [App:19] elemento agregado
[2024-07-31 21:09:56] [ INFO ] [App:19] elemento agregado
[2024-07-31 21:09:56] [ INFO ] [App:19] elemento agregado
[2024-07-31 21:09:56] [ WARN ] [App:26] La lista tiene mas de 5: 6 Elementos
[2024-07-31 21:12:45] [ INFO ] [App:14] instancia creada
[2024-07-31 21:12:45] [ INFO ] [App:19] elemento agregado
[2024-07-31 21:12:45] [ INFO ] [App:19] elemento agregado
[2024-07-31 21:12:45] [ INFO ] [App:19] elemento agregado
[2024-07-31 21:12:45] [ INFO ] [App:19] elemento agregado
[2024-07-31 21:12:45] [ INFO ] [App:19] elemento agregado
[2024-07-31 21:12:45] [ INFO ] [App:19] elemento agregado
[2024-07-31 21:12:45] [ WARN ] [App:26] La lista tiene mas de 5: 6 Elementos
[2024-07-31 21:15:16] [ INFO ] [App:14] instancia creada
[2024-07-31 21:15:16] [ INFO ] [App:19] elemento agregado
[2024-07-31 21:16:21] [ INFO ] [App:14] instancia creada
[2024-07-31 21:16:21] [ INFO ] [App:19] elemento agregado
[2024-07-31 21:16:21] [ INFO ] [App:33] El promedio de la lista es: 0.0
[2024-07-31 21:16:21] [ INFO ] [App:19] elemento agregado
[2024-07-31 21:16:21] [ INFO ] [App:33] El promedio de la lista es: 0.5
[2024-07-31 21:16:21] [ INFO ] [App:19] elemento agregado
[2024-07-31 21:16:21] [ INFO ] [App:33] El promedio de la lista es: 1.0
[2024-07-31 21:16:21] [ INFO ] [App:19] elemento agregado
[2024-07-31 21:16:21] [ INFO ] [App:33] El promedio de la lista es: 1.5
[2024-07-31 21:16:21] [ INFO ] [App:19] elemento agregado
[2024-07-31 21:16:21] [ INFO ] [App:33] El promedio de la lista es: 2.0
[2024-07-31 21:16:21] [ INFO ] [App:19] elemento agregado
[2024-07-31 21:16:21] [ WARN ] [App:26] La lista tiene mas de 5: 6 Elementos
[2024-07-31 21:16:21] [ INFO ] [App:33] El promedio de la lista es: 2.5
[2024-07-31 21:16:47] [ INFO ] [App:14] instancia creada
[2024-07-31 21:16:47] [ INFO ] [App:19] elemento agregado
[2024-07-31 21:16:47] [ INFO ] [App:19] elemento agregado
[2024-07-31 21:16:47] [ INFO ] [App:19] elemento agregado
[2024-07-31 21:16:47] [ INFO ] [App:19] elemento agregado
[2024-07-31 21:16:47] [ INFO ] [App:19] elemento agregado
[2024-07-31 21:16:47] [ INFO ] [App:19] elemento agregado
[2024-07-31 21:16:47] [ WARN ] [App:26] La lista tiene mas de 5: 6 Elementos
[2024-07-31 21:16:47] [ INFO ] [App:33] El promedio de la lista es: 2.5
[2024-07-31 21:18:17] [ INFO ] [App:14] instancia creada
[2024-07-31 21:18:17] [ INFO ] [App:19] elemento agregado
[2024-07-31 21:18:17] [ INFO ] [App:19] elemento agregado
[2024-07-31 21:18:17] [ INFO ] [App:19] elemento agregado
[2024-07-31 21:18:17] [ INFO ] [App:19] elemento agregado
[2024-07-31 21:18:17] [ INFO ] [App:19] elemento agregado
[2024-07-31 21:18:17] [ INFO ] [App:19] elemento agregado
[2024-07-31 21:18:18] [ WARN ] [App:26] La lista tiene mas de 5: 6 Elementos
[2024-07-31 21:18:18] [ INFO ] [App:19] elemento agregado
[2024-07-31 21:18:18] [ WARN ] [App:26] La lista tiene mas de 5: 7 Elementos
[2024-07-31 21:18:18] [ INFO ] [App:19] elemento agregado
[2024-07-31 21:18:18] [ WARN ] [App:26] La lista tiene mas de 5: 8 Elementos
[2024-07-31 21:18:18] [ INFO ] [App:19] elemento agregado
[2024-07-31 21:18:18] [ WARN ] [App:26] La lista tiene mas de 5: 9 Elementos
[2024-07-31 21:18:18] [ INFO ] [App:19] elemento agregado
[2024-07-31 21:18:18] [ WARN ] [App:26] La lista tiene mas de 5: 10 Elementos
[2024-07-31 21:18:18] [ INFO ] [App:33] El promedio de la lista es: 4.5
[2024-07-31 21:20:37] [ INFO ] [App:14] instancia creada
[2024-07-31 21:20:37] [ INFO ] [App:19] elemento agregado
[2024-07-31 21:20:37] [ INFO ] [App:19] elemento agregado
[2024-07-31 21:20:37] [ INFO ] [App:19] elemento agregado
[2024-07-31 21:20:37] [ INFO ] [App:19] elemento agregado
[2024-07-31 21:20:37] [ INFO ] [App:19] elemento agregado
[2024-07-31 21:20:37] [ INFO ] [App:19] elemento agregado
[2024-07-31 21:20:37] [ WARN ] [App:27] La lista tiene mas de 5: 6 Elementos
[2024-07-31 21:20:37] [ INFO ] [App:19] elemento agregado
[2024-07-31 21:20:37] [ WARN ] [App:27] La lista tiene mas de 5: 7 Elementos
[2024-07-31 21:20:37] [ INFO ] [App:19] elemento agregado
[2024-07-31 21:20:37] [ WARN ] [App:27] La lista tiene mas de 5: 8 Elementos
[2024-07-31 21:20:37] [ INFO ] [App:19] elemento agregado
[2024-07-31 21:20:37] [ WARN ] [App:27] La lista tiene mas de 5: 9 Elementos
[2024-07-31 21:20:37] [ INFO ] [App:19] elemento agregado
[2024-07-31 21:20:37] [ WARN ] [App:27] La lista tiene mas de 5: 10 Elementos
[2024-07-31 21:20:37] [ INFO ] [App:35] El promedio de la lista es: 4.5
[2024-07-31 21:24:42] [ INFO ] [App:14] instancia creada
[2024-07-31 21:24:42] [ INFO ] [App:19] elemento agregado
[2024-07-31 21:24:42] [ INFO ] [App:19] elemento agregado
[2024-07-31 21:24:42] [ INFO ] [App:19] elemento agregado
[2024-07-31 21:24:42] [ INFO ] [App:19] elemento agregado
[2024-07-31 21:24:42] [ INFO ] [App:19] elemento agregado
[2024-07-31 21:24:42] [ INFO ] [App:19] elemento agregado
[2024-07-31 21:24:42] [ WARN ] [App:27] La lista tiene mas de 5: 6 Elementos
[2024-07-31 21:24:42] [ INFO ] [App:19] elemento agregado
[2024-07-31 21:24:42] [ WARN ] [App:27] La lista tiene mas de 5: 7 Elementos
[2024-07-31 21:24:42] [ INFO ] [App:35] El promedio de la lista es: 3.0
[2024-07-31 21:25:21] [ INFO ] [App:14] instancia creada
[2024-07-31 21:25:21] [ INFO ] [App:35] El promedio de la lista es: 0.0
[2024-07-31 21:26:49] [ INFO ] [App:14] instancia creada
[2024-07-31 21:26:49] [ INFO ] [App:35] El promedio de la lista es: 0.0
[2024-07-31 21:27:49] [ INFO ] [App:14] instancia creada
[2024-07-31 21:27:49] [ INFO ] [App:33] El promedio de la lista es: 0.0
[2024-07-31 21:27:49] [ ERROR] [App:39] La lista está vacía
[2024-07-31 21:28:21] [ INFO ] [App:14] instancia creada
[2024-07-31 21:28:21] [ INFO ] [App:19] elemento agregado
[2024-07-31 21:28:21] [ INFO ] [App:19] elemento agregado
[2024-07-31 21:28:21] [ INFO ] [App:19] elemento agregado
[2024-07-31 21:28:21] [ INFO ] [App:19] elemento agregado
[2024-07-31 21:28:21] [ INFO ] [App:19] elemento agregado
[2024-07-31 21:28:21] [ INFO ] [App:33] El promedio de la lista es: 2.0
[2024-07-31 21:28:34] [ INFO ] [App:14] instancia creada
[2024-07-31 21:28:34] [ INFO ] [App:19] elemento agregado
[2024-07-31 21:28:34] [ INFO ] [App:19] elemento agregado
[2024-07-31 21:28:34] [ INFO ] [App:19] elemento agregado
[2024-07-31 21:28:34] [ INFO ] [App:19] elemento agregado
[2024-07-31 21:28:34] [ INFO ] [App:19] elemento agregado
[2024-07-31 21:28:34] [ INFO ] [App:19] elemento agregado
[2024-07-31 21:28:34] [ WARN ] [App:27] La lista tiene mas de 5: 6 Elementos
[2024-07-31 21:28:34] [ INFO ] [App:19] elemento agregado
[2024-07-31 21:28:34] [ WARN ] [App:27] La lista tiene mas de 5: 7 Elementos
[2024-07-31 21:28:34] [ INFO ] [App:19] elemento agregado
[2024-07-31 21:28:34] [ WARN ] [App:27] La lista tiene mas de 5: 8 Elementos
[2024-07-31 21:28:34] [ INFO ] [App:19] elemento agregado
[2024-07-31 21:28:34] [ WARN ] [App:27] La lista tiene mas de 5: 9 Elementos
[2024-07-31 21:28:34] [ INFO ] [App:19] elemento agregado
[2024-07-31 21:28:34] [ WARN ] [App:27] La lista tiene mas de 5: 10 Elementos
[2024-07-31 21:28:34] [ INFO ] [App:33] El promedio de la lista es: 4.5
[2024-07-31 21:33:23] [ INFO ] [App:14] instancia creada
[2024-07-31 21:33:23] [ INFO ] [App:14] instancia creada
[2024-07-31 21:33:23] [ INFO ] [App:14] instancia creada
[2024-07-31 21:33:23] [ INFO ] [App:14] instancia creada
[2024-07-31 21:33:23] [ INFO ] [App:19] elemento agregado
[2024-07-31 21:33:23] [ INFO ] [App:19] elemento agregado
[2024-07-31 21:33:23] [ INFO ] [App:19] elemento agregado
[2024-07-31 21:33:23] [ INFO ] [App:19] elemento agregado
[2024-07-31 21:33:23] [ INFO ] [App:19] elemento agregado
[2024-07-31 21:33:23] [ INFO ] [App:19] elemento agregado
[2024-07-31 21:33:23] [ INFO ] [App:19] elemento agregado
[2024-07-31 21:33:23] [ INFO ] [App:19] elemento agregado
[2024-07-31 21:33:23] [ INFO ] [App:19] elemento agregado
[2024-07-31 21:33:23] [ INFO ] [App:19] elemento agregado
[2024-07-31 21:33:23] [ INFO ] [App:19] elemento agregado
[2024-07-31 21:33:23] [ WARN ] [App:27] La lista tiene mas de 5: 6 Elementos
[2024-07-31 21:33:23] [ INFO ] [App:19] elemento agregado
[2024-07-31 21:33:23] [ WARN ] [App:27] La lista tiene mas de 5: 7 Elementos
[2024-07-31 21:33:23] [ INFO ] [App:19] elemento agregado
[2024-07-31 21:33:23] [ WARN ] [App:27] La lista tiene mas de 5: 8 Elementos
[2024-07-31 21:33:23] [ INFO ] [App:19] elemento agregado
[2024-07-31 21:33:23] [ WARN ] [App:27] La lista tiene mas de 5: 9 Elementos
[2024-07-31 21:33:23] [ INFO ] [App:19] elemento agregado
[2024-07-31 21:33:23] [ WARN ] [App:27] La lista tiene mas de 5: 10 Elementos
[2024-07-31 21:33:23] [ INFO ] [App:19] elemento agregado
[2024-07-31 21:33:23] [ INFO ] [App:19] elemento agregado
[2024-07-31 21:33:23] [ INFO ] [App:19] elemento agregado
[2024-07-31 21:33:23] [ INFO ] [App:19] elemento agregado
[2024-07-31 21:33:23] [ INFO ] [App:19] elemento agregado
[2024-07-31 21:33:23] [ INFO ] [App:19] elemento agregado
[2024-07-31 21:33:23] [ WARN ] [App:27] La lista tiene mas de 5: 6 Elementos
[2024-07-31 21:33:23] [ INFO ] [App:19] elemento agregado
[2024-07-31 21:33:23] [ WARN ] [App:27] La lista tiene mas de 5: 7 Elementos
[2024-07-31 21:33:23] [ INFO ] [App:19] elemento agregado
[2024-07-31 21:33:23] [ WARN ] [App:27] La lista tiene mas de 5: 8 Elementos
[2024-07-31 21:33:23] [ INFO ] [App:19] elemento agregado
[2024-07-31 21:33:23] [ WARN ] [App:27] La lista tiene mas de 5: 9 Elementos
[2024-07-31 21:33:23] [ INFO ] [App:19] elemento agregado
[2024-07-31 21:33:23] [ WARN ] [App:27] La lista tiene mas de 5: 10 Elementos
[2024-07-31 21:33:23] [ INFO ] [App:33] El promedio de la lista es: 2.0
[2024-07-31 21:33:23] [ ERROR] [App:39] La lista está vacía
[2024-07-31 21:36:14] [ INFO ] [App:14] instancia creada
[2024-07-31 21:36:14] [ INFO ] [App:14] instancia creada
[2024-07-31 21:36:14] [ INFO ] [App:14] instancia creada
[2024-07-31 21:36:14] [ INFO ] [App:14] instancia creada
[2024-07-31 21:36:14] [ INFO ] [App:19] elemento agregado
[2024-07-31 21:36:14] [ INFO ] [App:19] elemento agregado
[2024-07-31 21:36:14] [ INFO ] [App:19] elemento agregado
[2024-07-31 21:36:14] [ INFO ] [App:19] elemento agregado
[2024-07-31 21:36:14] [ INFO ] [App:19] elemento agregado
[2024-07-31 21:36:14] [ INFO ] [App:19] elemento agregado
[2024-07-31 21:36:14] [ INFO ] [App:19] elemento agregado
[2024-07-31 21:36:14] [ INFO ] [App:19] elemento agregado
[2024-07-31 21:36:14] [ INFO ] [App:19] elemento agregado
[2024-07-31 21:36:14] [ INFO ] [App:19] elemento agregado
[2024-07-31 21:36:14] [ INFO ] [App:19] elemento agregado
[2024-07-31 21:36:14] [ WARN ] [App:27] La lista tiene mas de 5: 6 Elementos
[2024-07-31 21:36:14] [ INFO ] [App:19] elemento agregado
[2024-07-31 21:36:14] [ WARN ] [App:27] La lista tiene mas de 5: 7 Elementos
[2024-07-31 21:36:14] [ INFO ] [App:19] elemento agregado
[2024-07-31 21:36:14] [ WARN ] [App:27] La lista tiene mas de 5: 8 Elementos
[2024-07-31 21:36:14] [ INFO ] [App:19] elemento agregado
[2024-07-31 21:36:14] [ WARN ] [App:27] La lista tiene mas de 5: 9 Elementos
[2024-07-31 21:36:14] [ INFO ] [App:19] elemento agregado
[2024-07-31 21:36:14] [ WARN ] [App:27] La lista tiene mas de 5: 10 Elementos
[2024-07-31 21:36:14] [ INFO ] [App:19] elemento agregado
[2024-07-31 21:36:14] [ INFO ] [App:19] elemento agregado
[2024-07-31 21:36:14] [ INFO ] [App:19] elemento agregado
[2024-07-31 21:36:14] [ INFO ] [App:19] elemento agregado
[2024-07-31 21:36:14] [ INFO ] [App:19] elemento agregado
[2024-07-31 21:36:14] [ INFO ] [App:19] elemento agregado
[2024-07-31 21:36:14] [ WARN ] [App:27] La lista tiene mas de 5: 6 Elementos
[2024-07-31 21:36:14] [ INFO ] [App:19] elemento agregado
[2024-07-31 21:36:14] [ WARN ] [App:27] La lista tiene mas de 5: 7 Elementos
[2024-07-31 21:36:14] [ INFO ] [App:19] elemento agregado
[2024-07-31 21:36:14] [ WARN ] [App:27] La lista tiene mas de 5: 8 Elementos
[2024-07-31 21:36:14] [ INFO ] [App:19] elemento agregado
[2024-07-31 21:36:14] [ WARN ] [App:27] La lista tiene mas de 5: 9 Elementos
[2024-07-31 21:36:14] [ INFO ] [App:19] elemento agregado
[2024-07-31 21:36:14] [ WARN ] [App:27] La lista tiene mas de 5: 10 Elementos
[2024-07-31 21:36:14] [ INFO ] [App:33] El promedio de la lista es: 2.0
[2024-07-31 21:36:14] [ ERROR] [App:39] La lista está vacía
